Running: /opt/Xilinx/14.7/ISE_DS/ISE/bin/lin64/unwrapped/fuse -intstyle ise -incremental -lib unisims_ver -lib unimacro_ver -lib xilinxcorelib_ver -o /home/saurabh/XilinxProjects/Calculator/calculator_tb_isim_beh.exe -prj /home/saurabh/XilinxProjects/Calculator/calculator_tb_beh.prj work.calculator_tb work.glbl 
ISim P.20131013 (signature 0xfbc00daa)
Number of CPUs detected in this system: 4
Turning on mult-threading, number of parallel sub-compilation jobs: 8 
Determining compilation order of HDL files
Analyzing Verilog file "/home/saurabh/XilinxProjects/Calculator/calculator.v" into library work
Analyzing Verilog file "/home/saurabh/XilinxProjects/Calculator/calculator_tb.v" into library work
Analyzing Verilog file "/opt/Xilinx/14.7/ISE_DS/ISE//verilog/src/glbl.v" into library work
Starting static elaboration
Completed static elaboration
Fuse Memory Usage: 95476 KB
Fuse CPU Usage: 1020 ms
Compiling module calculator
Compiling module calculator_tb
Compiling module glbl
Time Resolution for simulation is 1ps.
Waiting for 1 sub-compilation(s) to finish...
Compiled 3 Verilog Units
Built simulation executable /home/saurabh/XilinxProjects/Calculator/calculator_tb_isim_beh.exe
Fuse Memory Usage: 655664 KB
Fuse CPU Usage: 1020 ms
GCC CPU Usage: 220 ms
